{"/Users/lorinitzhak/Desktop/Assignment1/Assignment_1_WebClass/src/server.ts": {"path":"/Users/lorinitzhak/Desktop/Assignment1/Assignment_1_WebClass/src/server.ts","statementMap":{"0":{"start":{"line":1,"column":0},"end":{"line":1,"column":40}},"1":{"start":{"line":2,"column":12},"end":{"line":2,"column":21}},"2":{"start":{"line":3,"column":0},"end":{"line":3,"column":28}},"3":{"start":{"line":4,"column":0},"end":{"line":4,"column":16}},"4":{"start":{"line":6,"column":0},"end":{"line":6,"column":32}},"5":{"start":{"line":7,"column":0},"end":{"line":7,"column":48}},"6":{"start":{"line":8,"column":0},"end":{"line":8,"column":54}},"7":{"start":{"line":9,"column":0},"end":{"line":9,"column":37}},"8":{"start":{"line":11,"column":14},"end":{"line":47,"column":1}},"9":{"start":{"line":12,"column":1},"end":{"line":46,"column":3}},"10":{"start":{"line":13,"column":10},"end":{"line":13,"column":29}},"11":{"start":{"line":14,"column":0},"end":{"line":16,"column":3}},"12":{"start":{"line":15,"column":4},"end":{"line":15,"column":21}},"13":{"start":{"line":17,"column":0},"end":{"line":23,"column":3}},"14":{"start":{"line":18,"column":4},"end":{"line":18,"column":40}},"15":{"start":{"line":26,"column":0},"end":{"line":45,"column":1}},"16":{"start":{"line":27,"column":4},"end":{"line":27,"column":43}},"17":{"start":{"line":28,"column":4},"end":{"line":28,"column":13}},"18":{"start":{"line":30,"column":0},"end":{"line":44,"column":3}},"19":{"start":{"line":31,"column":4},"end":{"line":31,"column":34}},"20":{"start":{"line":32,"column":0},"end":{"line":32,"column":27}},"21":{"start":{"line":33,"column":0},"end":{"line":33,"column":48}},"22":{"start":{"line":36,"column":0},"end":{"line":36,"column":31}},"23":{"start":{"line":37,"column":0},"end":{"line":37,"column":37}},"24":{"start":{"line":39,"column":0},"end":{"line":41,"column":3}},"25":{"start":{"line":40,"column":4},"end":{"line":40,"column":27}},"26":{"start":{"line":42,"column":0},"end":{"line":42,"column":13}},"27":{"start":{"line":48,"column":0},"end":{"line":48,"column":23}}},"fnMap":{"0":{"name":"(anonymous_1)","decl":{"start":{"line":11,"column":14},"end":{"line":11,"column":16}},"loc":{"start":{"line":11,"column":18},"end":{"line":47,"column":1}}},"1":{"name":"(anonymous_2)","decl":{"start":{"line":12,"column":29},"end":{"line":12,"column":30}},"loc":{"start":{"line":12,"column":47},"end":{"line":46,"column":1}}},"2":{"name":"(anonymous_3)","decl":{"start":{"line":14,"column":15},"end":{"line":14,"column":16}},"loc":{"start":{"line":14,"column":22},"end":{"line":16,"column":1}}},"3":{"name":"(anonymous_4)","decl":{"start":{"line":17,"column":15},"end":{"line":17,"column":17}},"loc":{"start":{"line":17,"column":19},"end":{"line":23,"column":1}}},"4":{"name":"(anonymous_5)","decl":{"start":{"line":30,"column":46},"end":{"line":30,"column":48}},"loc":{"start":{"line":30,"column":50},"end":{"line":44,"column":1}}},"5":{"name":"(anonymous_6)","decl":{"start":{"line":39,"column":18},"end":{"line":39,"column":19}},"loc":{"start":{"line":39,"column":29},"end":{"line":41,"column":1}}}},"branchMap":{"0":{"loc":{"start":{"line":26,"column":0},"end":{"line":45,"column":1}},"type":"if","locations":[{"start":{"line":26,"column":0},"end":{"line":45,"column":1}},{"start":{"line":29,"column":5},"end":{"line":45,"column":1}}]}},"s":{"0":2,"1":2,"2":2,"3":2,"4":2,"5":2,"6":2,"7":2,"8":2,"9":2,"10":2,"11":2,"12":0,"13":2,"14":2,"15":2,"16":0,"17":0,"18":2,"19":2,"20":2,"21":2,"22":2,"23":2,"24":2,"25":0,"26":2,"27":2},"f":{"0":2,"1":2,"2":0,"3":2,"4":2,"5":0},"b":{"0":[0,2]}}
,"/Users/lorinitzhak/Desktop/Assignment1/Assignment_1_WebClass/src/controllers/base_controller.ts": {"path":"/Users/lorinitzhak/Desktop/Assignment1/Assignment_1_WebClass/src/controllers/base_controller.ts","statementMap":{"0":{"start":{"line":2,"column":0},"end":{"line":2,"column":32}},"1":{"start":{"line":8,"column":8},"end":{"line":8,"column":25}},"2":{"start":{"line":11,"column":4},"end":{"line":11,"column":26}},"3":{"start":{"line":12,"column":4},"end":{"line":18,"column":5}},"4":{"start":{"line":13,"column":17},"end":{"line":13,"column":50}},"5":{"start":{"line":14,"column":4},"end":{"line":14,"column":31}},"6":{"start":{"line":17,"column":8},"end":{"line":17,"column":34}},"7":{"start":{"line":22,"column":18},"end":{"line":22,"column":27}},"8":{"start":{"line":23,"column":4},"end":{"line":23,"column":24}},"9":{"start":{"line":24,"column":4},"end":{"line":34,"column":50}},"10":{"start":{"line":25,"column":8},"end":{"line":32,"column":9}},"11":{"start":{"line":26,"column":26},"end":{"line":26,"column":70}},"12":{"start":{"line":27,"column":12},"end":{"line":27,"column":35}},"13":{"start":{"line":30,"column":21},"end":{"line":30,"column":44}},"14":{"start":{"line":31,"column":7},"end":{"line":31,"column":30}},"15":{"start":{"line":34,"column":16},"end":{"line":34,"column":49}},"16":{"start":{"line":38,"column":19},"end":{"line":38,"column":32}},"17":{"start":{"line":39,"column":4},"end":{"line":49,"column":5}},"18":{"start":{"line":40,"column":21},"end":{"line":40,"column":54}},"19":{"start":{"line":41,"column":8},"end":{"line":45,"column":9}},"20":{"start":{"line":42,"column":10},"end":{"line":42,"column":56}},"21":{"start":{"line":44,"column":12},"end":{"line":44,"column":46}},"22":{"start":{"line":47,"column":8},"end":{"line":47,"column":null}},"23":{"start":{"line":48,"column":9},"end":{"line":48,"column":35}},"24":{"start":{"line":55,"column":19},"end":{"line":55,"column":32}},"25":{"start":{"line":56,"column":4},"end":{"line":58,"column":5}},"26":{"start":{"line":57,"column":8},"end":{"line":57,"column":62}},"27":{"start":{"line":60,"column":1},"end":{"line":71,"column":5}},"28":{"start":{"line":62,"column":21},"end":{"line":62,"column":109}},"29":{"start":{"line":64,"column":8},"end":{"line":66,"column":9}},"30":{"start":{"line":65,"column":12},"end":{"line":65,"column":58}},"31":{"start":{"line":68,"column":8},"end":{"line":68,"column":30}},"32":{"start":{"line":70,"column":8},"end":{"line":70,"column":34}},"33":{"start":{"line":76,"column":25},"end":{"line":78,"column":1}},"34":{"start":{"line":77,"column":4},"end":{"line":77,"column":37}},"35":{"start":{"line":80,"column":0},"end":{"line":80,"column":32}}},"fnMap":{"0":{"name":"(anonymous_8)","decl":{"start":{"line":7,"column":4},"end":{"line":7,"column":16}},"loc":{"start":{"line":7,"column":30},"end":{"line":9,"column":5}}},"1":{"name":"(anonymous_9)","decl":{"start":{"line":10,"column":6},"end":{"line":10,"column":13}},"loc":{"start":{"line":10,"column":39},"end":{"line":19,"column":4}}},"2":{"name":"(anonymous_11)","decl":{"start":{"line":21,"column":6},"end":{"line":21,"column":12}},"loc":{"start":{"line":21,"column":37},"end":{"line":35,"column":2}}},"3":{"name":"(anonymous_13)","decl":{"start":{"line":37,"column":7},"end":{"line":37,"column":14}},"loc":{"start":{"line":37,"column":40},"end":{"line":50,"column":2}}},"4":{"name":"(anonymous_15)","decl":{"start":{"line":54,"column":7},"end":{"line":54,"column":14}},"loc":{"start":{"line":54,"column":39},"end":{"line":72,"column":2}}},"5":{"name":"(anonymous_17)","decl":{"start":{"line":76,"column":25},"end":{"line":76,"column":29}},"loc":{"start":{"line":76,"column":47},"end":{"line":78,"column":1}}}},"branchMap":{"0":{"loc":{"start":{"line":25,"column":8},"end":{"line":32,"column":9}},"type":"if","locations":[{"start":{"line":25,"column":8},"end":{"line":32,"column":9}},{"start":{"line":29,"column":12},"end":{"line":32,"column":9}}]},"1":{"loc":{"start":{"line":41,"column":8},"end":{"line":45,"column":9}},"type":"if","locations":[{"start":{"line":41,"column":8},"end":{"line":45,"column":9}},{"start":{"line":43,"column":15},"end":{"line":45,"column":9}}]},"2":{"loc":{"start":{"line":56,"column":4},"end":{"line":58,"column":5}},"type":"if","locations":[{"start":{"line":56,"column":4},"end":{"line":58,"column":5}}]},"3":{"loc":{"start":{"line":64,"column":8},"end":{"line":66,"column":9}},"type":"if","locations":[{"start":{"line":64,"column":8},"end":{"line":66,"column":9}}]}},"s":{"0":2,"1":4,"2":4,"3":4,"4":4,"5":2,"6":2,"7":6,"8":6,"9":6,"10":6,"11":2,"12":2,"13":4,"14":4,"15":0,"16":4,"17":4,"18":4,"19":3,"20":1,"21":2,"22":1,"23":1,"24":0,"25":0,"26":0,"27":0,"28":0,"29":0,"30":0,"31":0,"32":0,"33":2,"34":4,"35":2},"f":{"0":4,"1":4,"2":6,"3":4,"4":0,"5":4},"b":{"0":[2,4],"1":[1,2],"2":[0],"3":[0]}}
,"/Users/lorinitzhak/Desktop/Assignment1/Assignment_1_WebClass/src/controllers/comment_controllers.ts": {"path":"/Users/lorinitzhak/Desktop/Assignment1/Assignment_1_WebClass/src/controllers/comment_controllers.ts","statementMap":{"0":{"start":{"line":1,"column":0},"end":{"line":1,"column":63}},"1":{"start":{"line":4,"column":0},"end":{"line":4,"column":49}},"2":{"start":{"line":6,"column":26},"end":{"line":6,"column":66}},"3":{"start":{"line":8,"column":0},"end":{"line":8,"column":34}}},"fnMap":{},"branchMap":{},"s":{"0":2,"1":2,"2":2,"3":2},"f":{},"b":{}}
,"/Users/lorinitzhak/Desktop/Assignment1/Assignment_1_WebClass/src/controllers/post_controller.ts": {"path":"/Users/lorinitzhak/Desktop/Assignment1/Assignment_1_WebClass/src/controllers/post_controller.ts","statementMap":{"0":{"start":{"line":1,"column":0},"end":{"line":1,"column":54}},"1":{"start":{"line":4,"column":0},"end":{"line":4,"column":49}},"2":{"start":{"line":6,"column":23},"end":{"line":6,"column":57}},"3":{"start":{"line":8,"column":0},"end":{"line":8,"column":30}}},"fnMap":{},"branchMap":{},"s":{"0":2,"1":2,"2":2,"3":2},"f":{},"b":{}}
,"/Users/lorinitzhak/Desktop/Assignment1/Assignment_1_WebClass/src/models/Comments_model.ts": {"path":"/Users/lorinitzhak/Desktop/Assignment1/Assignment_1_WebClass/src/models/Comments_model.ts","statementMap":{"0":{"start":{"line":1,"column":0},"end":{"line":1,"column":32}},"1":{"start":{"line":2,"column":15},"end":{"line":2,"column":30}},"2":{"start":{"line":10,"column":22},"end":{"line":23,"column":2}},"3":{"start":{"line":24,"column":20},"end":{"line":24,"column":71}},"4":{"start":{"line":25,"column":0},"end":{"line":25,"column":28}}},"fnMap":{},"branchMap":{},"s":{"0":2,"1":2,"2":2,"3":2,"4":2},"f":{},"b":{}}
,"/Users/lorinitzhak/Desktop/Assignment1/Assignment_1_WebClass/src/models/posts_model.ts": {"path":"/Users/lorinitzhak/Desktop/Assignment1/Assignment_1_WebClass/src/models/posts_model.ts","statementMap":{"0":{"start":{"line":1,"column":0},"end":{"line":1,"column":32}},"1":{"start":{"line":2,"column":15},"end":{"line":2,"column":30}},"2":{"start":{"line":10,"column":19},"end":{"line":20,"column":2}},"3":{"start":{"line":21,"column":17},"end":{"line":21,"column":59}},"4":{"start":{"line":22,"column":0},"end":{"line":22,"column":25}}},"fnMap":{},"branchMap":{},"s":{"0":2,"1":2,"2":2,"3":2,"4":2},"f":{},"b":{}}
,"/Users/lorinitzhak/Desktop/Assignment1/Assignment_1_WebClass/src/routes/comments_routes.ts": {"path":"/Users/lorinitzhak/Desktop/Assignment1/Assignment_1_WebClass/src/routes/comments_routes.ts","statementMap":{"0":{"start":{"line":2,"column":0},"end":{"line":2,"column":30}},"1":{"start":{"line":3,"column":15},"end":{"line":3,"column":31}},"2":{"start":{"line":4,"column":0},"end":{"line":4,"column":58}},"3":{"start":{"line":6,"column":0},"end":{"line":8,"column":3}},"4":{"start":{"line":7,"column":4},"end":{"line":7,"column":30}},"5":{"start":{"line":9,"column":0},"end":{"line":11,"column":3}},"6":{"start":{"line":10,"column":4},"end":{"line":10,"column":29}},"7":{"start":{"line":12,"column":0},"end":{"line":14,"column":3}},"8":{"start":{"line":13,"column":4},"end":{"line":13,"column":30}},"9":{"start":{"line":16,"column":0},"end":{"line":18,"column":3}},"10":{"start":{"line":17,"column":4},"end":{"line":17,"column":30}},"11":{"start":{"line":20,"column":0},"end":{"line":20,"column":22}}},"fnMap":{"0":{"name":"(anonymous_1)","decl":{"start":{"line":6,"column":16},"end":{"line":6,"column":17}},"loc":{"start":{"line":6,"column":28},"end":{"line":8,"column":1}}},"1":{"name":"(anonymous_2)","decl":{"start":{"line":9,"column":15},"end":{"line":9,"column":16}},"loc":{"start":{"line":9,"column":27},"end":{"line":11,"column":1}}},"2":{"name":"(anonymous_3)","decl":{"start":{"line":12,"column":18},"end":{"line":12,"column":19}},"loc":{"start":{"line":12,"column":30},"end":{"line":14,"column":1}}},"3":{"name":"(anonymous_4)","decl":{"start":{"line":16,"column":18},"end":{"line":16,"column":19}},"loc":{"start":{"line":16,"column":29},"end":{"line":18,"column":1}}}},"branchMap":{},"s":{"0":2,"1":2,"2":2,"3":2,"4":2,"5":2,"6":3,"7":2,"8":2,"9":2,"10":0,"11":2},"f":{"0":2,"1":3,"2":2,"3":0},"b":{}}
,"/Users/lorinitzhak/Desktop/Assignment1/Assignment_1_WebClass/src/routes/posts_routes.ts": {"path":"/Users/lorinitzhak/Desktop/Assignment1/Assignment_1_WebClass/src/routes/posts_routes.ts","statementMap":{"0":{"start":{"line":2,"column":0},"end":{"line":2,"column":30}},"1":{"start":{"line":3,"column":15},"end":{"line":3,"column":31}},"2":{"start":{"line":4,"column":0},"end":{"line":4,"column":51}},"3":{"start":{"line":6,"column":0},"end":{"line":6,"column":43}},"4":{"start":{"line":7,"column":0},"end":{"line":9,"column":3}},"5":{"start":{"line":8,"column":4},"end":{"line":8,"column":27}},"6":{"start":{"line":10,"column":0},"end":{"line":12,"column":3}},"7":{"start":{"line":11,"column":4},"end":{"line":11,"column":27}},"8":{"start":{"line":14,"column":0},"end":{"line":16,"column":3}},"9":{"start":{"line":15,"column":4},"end":{"line":15,"column":28}},"10":{"start":{"line":18,"column":0},"end":{"line":18,"column":22}}},"fnMap":{"0":{"name":"(anonymous_1)","decl":{"start":{"line":7,"column":15},"end":{"line":7,"column":16}},"loc":{"start":{"line":7,"column":27},"end":{"line":9,"column":1}}},"1":{"name":"(anonymous_2)","decl":{"start":{"line":10,"column":18},"end":{"line":10,"column":19}},"loc":{"start":{"line":10,"column":30},"end":{"line":12,"column":1}}},"2":{"name":"(anonymous_3)","decl":{"start":{"line":14,"column":18},"end":{"line":14,"column":19}},"loc":{"start":{"line":14,"column":29},"end":{"line":16,"column":1}}}},"branchMap":{},"s":{"0":2,"1":2,"2":2,"3":2,"4":2,"5":3,"6":2,"7":2,"8":2,"9":0,"10":2},"f":{"0":3,"1":2,"2":0},"b":{}}
}
