TN:
SF:src/server.ts
FN:11,(anonymous_1)
FN:12,(anonymous_2)
FN:14,(anonymous_3)
FN:17,(anonymous_4)
FN:30,(anonymous_5)
FN:39,(anonymous_6)
FNF:6
FNH:4
FNDA:2,(anonymous_1)
FNDA:2,(anonymous_2)
FNDA:0,(anonymous_3)
FNDA:2,(anonymous_4)
FNDA:2,(anonymous_5)
FNDA:0,(anonymous_6)
DA:1,2
DA:2,2
DA:3,2
DA:4,2
DA:6,2
DA:7,2
DA:8,2
DA:9,2
DA:11,2
DA:12,2
DA:13,2
DA:14,2
DA:15,0
DA:17,2
DA:18,2
DA:26,2
DA:27,0
DA:28,0
DA:30,2
DA:31,2
DA:32,2
DA:33,2
DA:36,2
DA:37,2
DA:39,2
DA:40,0
DA:42,2
DA:48,2
LF:28
LH:24
BRDA:26,0,0,0
BRDA:26,0,1,2
BRF:2
BRH:1
end_of_record
TN:
SF:src/controllers/base_controller.ts
FN:7,(anonymous_8)
FN:10,(anonymous_9)
FN:21,(anonymous_11)
FN:37,(anonymous_13)
FN:54,(anonymous_15)
FN:76,(anonymous_17)
FNF:6
FNH:5
FNDA:4,(anonymous_8)
FNDA:4,(anonymous_9)
FNDA:6,(anonymous_11)
FNDA:4,(anonymous_13)
FNDA:0,(anonymous_15)
FNDA:4,(anonymous_17)
DA:2,2
DA:8,4
DA:11,4
DA:12,4
DA:13,4
DA:14,2
DA:17,2
DA:22,6
DA:23,6
DA:24,6
DA:25,6
DA:26,2
DA:27,2
DA:30,4
DA:31,4
DA:34,0
DA:38,4
DA:39,4
DA:40,4
DA:41,3
DA:42,1
DA:44,2
DA:47,1
DA:48,1
DA:55,0
DA:56,0
DA:57,0
DA:60,0
DA:62,0
DA:64,0
DA:65,0
DA:68,0
DA:70,0
DA:76,2
DA:77,4
DA:80,2
LF:36
LH:26
BRDA:25,0,0,2
BRDA:25,0,1,4
BRDA:41,1,0,1
BRDA:41,1,1,2
BRDA:56,2,0,0
BRDA:64,3,0,0
BRF:6
BRH:4
end_of_record
TN:
SF:src/controllers/comment_controllers.ts
FNF:0
FNH:0
DA:1,2
DA:4,2
DA:6,2
DA:8,2
LF:4
LH:4
BRF:0
BRH:0
end_of_record
TN:
SF:src/controllers/post_controller.ts
FNF:0
FNH:0
DA:1,2
DA:4,2
DA:6,2
DA:8,2
LF:4
LH:4
BRF:0
BRH:0
end_of_record
TN:
SF:src/models/Comments_model.ts
FNF:0
FNH:0
DA:1,2
DA:2,2
DA:10,2
DA:24,2
DA:25,2
LF:5
LH:5
BRF:0
BRH:0
end_of_record
TN:
SF:src/models/posts_model.ts
FNF:0
FNH:0
DA:1,2
DA:2,2
DA:10,2
DA:21,2
DA:22,2
LF:5
LH:5
BRF:0
BRH:0
end_of_record
TN:
SF:src/routes/comments_routes.ts
FN:6,(anonymous_1)
FN:9,(anonymous_2)
FN:12,(anonymous_3)
FN:16,(anonymous_4)
FNF:4
FNH:3
FNDA:2,(anonymous_1)
FNDA:3,(anonymous_2)
FNDA:2,(anonymous_3)
FNDA:0,(anonymous_4)
DA:2,2
DA:3,2
DA:4,2
DA:6,2
DA:7,2
DA:9,2
DA:10,3
DA:12,2
DA:13,2
DA:16,2
DA:17,0
DA:20,2
LF:12
LH:11
BRF:0
BRH:0
end_of_record
TN:
SF:src/routes/posts_routes.ts
FN:7,(anonymous_1)
FN:10,(anonymous_2)
FN:14,(anonymous_3)
FNF:3
FNH:2
FNDA:3,(anonymous_1)
FNDA:2,(anonymous_2)
FNDA:0,(anonymous_3)
DA:2,2
DA:3,2
DA:4,2
DA:6,2
DA:7,2
DA:8,3
DA:10,2
DA:11,2
DA:14,2
DA:15,0
DA:18,2
LF:11
LH:10
BRF:0
BRH:0
end_of_record
